<?xml version="1.0" encoding="UTF-8"?>
<!-- Generated by org.testng.reporters.JUnitXMLReporter -->
<testsuite hostname="Boston" name="Command line test" tests="1" failures="1" timestamp="17 Jul 2014 15:54:03 GMT" time="24.245" errors="0">
  <testcase name="testNew on testNew(org.ak.test.selenium.NewTest)" time="24.037" classname="org.ak.test.selenium.NewTest">
    <failure type="java.lang.RuntimeException" message="Could not start Selenium session: Failed to start new browser session: Error while launching browser">
      <![CDATA[java.lang.RuntimeException: Could not start Selenium session: Failed to start new browser session: Error while launching browser
	at com.thoughtworks.selenium.DefaultSelenium.start(DefaultSelenium.java:89)
	at com.thoughtworks.selenium.SeleneseTestBase.setUp(SeleneseTestBase.java:123)
	at com.thoughtworks.selenium.SeleneseTestBase.setUp(SeleneseTestBase.java:104)
	at com.thoughtworks.selenium.SeleneseTestCase.setUp(SeleneseTestCase.java:78)
	at org.ak.test.selenium.NewTest.setUp(NewTest.java:27)
	at junit.framework.TestCase.runBare(TestCase.java:132)
	at com.thoughtworks.selenium.SeleneseTestCase.runBare(SeleneseTestCase.java:212)
	at junit.framework.TestResult$1.protect(TestResult.java:110)
	at junit.framework.TestResult.runProtected(TestResult.java:128)
	at junit.framework.TestResult.run(TestResult.java:113)
	at junit.framework.TestCase.run(TestCase.java:124)
	at junit.framework.TestSuite.runTest(TestSuite.java:243)
	at junit.framework.TestSuite.run(TestSuite.java:238)
	at org.junit.internal.runners.JUnit38ClassRunner.run(JUnit38ClassRunner.java:83)
	at org.junit.runner.JUnitCore.run(JUnitCore.java:157)
	at org.junit.runner.JUnitCore.run(JUnitCore.java:136)
	at org.apache.maven.surefire.testng.TestNGExecutor.run(TestNGExecutor.java:77)
	at org.apache.maven.surefire.testng.TestNGDirectoryTestSuite.executeMulti(TestNGDirectoryTestSuite.java:175)
	at org.apache.maven.surefire.testng.TestNGDirectoryTestSuite.execute(TestNGDirectoryTestSuite.java:99)
	at org.apache.maven.surefire.testng.TestNGProvider.invoke(TestNGProvider.java:106)
	at org.apache.maven.surefire.util.ReflectionUtils.invokeMethodWithArray(ReflectionUtils.java:189)
	at org.apache.maven.surefire.booter.ProviderFactory$ProviderProxy.invoke(ProviderFactory.java:165)
	at org.apache.maven.surefire.booter.ProviderFactory.invokeProvider(ProviderFactory.java:85)
	at org.apache.maven.surefire.booter.ForkedBooter.runSuitesInProcess(ForkedBooter.java:115)
	at org.apache.maven.surefire.booter.ForkedBooter.main(ForkedBooter.java:75)
Caused by: com.thoughtworks.selenium.SeleniumException: Failed to start new browser session: Error while launching browser
	at com.thoughtworks.selenium.HttpCommandProcessor.throwAssertionFailureExceptionOrError(HttpCommandProcessor.java:97)
	at com.thoughtworks.selenium.HttpCommandProcessor.doCommand(HttpCommandProcessor.java:91)
	at com.thoughtworks.selenium.HttpCommandProcessor.getString(HttpCommandProcessor.java:262)
	at com.thoughtworks.selenium.HttpCommandProcessor.start(HttpCommandProcessor.java:223)
	at com.thoughtworks.selenium.DefaultSelenium.start(DefaultSelenium.java:81)
	... 43 more
... Removed 19 stack frames]]>
    </failure>
  </testcase> <!-- testNew on testNew(org.ak.test.selenium.NewTest) -->
</testsuite> <!-- Command line test -->
