<?xml version="1.0" encoding="UTF-8"?>
<!-- Generated by org.testng.reporters.JUnitXMLReporter -->
<testsuite hostname="Boston" name="Command line test" tests="1" failures="0" timestamp="17 Jul 2014 00:51:38 GMT" time="41.818" errors="0">
  <testcase name="@BeforeClass startSelenium" time="0.0" classname="org.ak.test.selenium.SeleniumWebTest">
    <failure type="java.lang.RuntimeException" message="Could not start Selenium session: Failed to start new browser session: Error while launching browser">
      <![CDATA[java.lang.RuntimeException: Could not start Selenium session: Failed to start new browser session: Error while launching browser
	at com.thoughtworks.selenium.DefaultSelenium.start(DefaultSelenium.java:89)
	at org.ak.test.selenium.SeleniumWebTest.startSelenium(SeleniumWebTest.java:20)
	at org.apache.maven.surefire.testng.TestNGExecutor.run(TestNGExecutor.java:77)
	at org.apache.maven.surefire.testng.TestNGDirectoryTestSuite.execute(TestNGDirectoryTestSuite.java:110)
	at org.apache.maven.surefire.testng.TestNGProvider.invoke(TestNGProvider.java:106)
	at org.apache.maven.surefire.util.ReflectionUtils.invokeMethodWithArray(ReflectionUtils.java:189)
	at org.apache.maven.surefire.booter.ProviderFactory$ProviderProxy.invoke(ProviderFactory.java:165)
	at org.apache.maven.surefire.booter.ProviderFactory.invokeProvider(ProviderFactory.java:85)
	at org.apache.maven.surefire.booter.ForkedBooter.runSuitesInProcess(ForkedBooter.java:115)
	at org.apache.maven.surefire.booter.ForkedBooter.main(ForkedBooter.java:75)
Caused by: com.thoughtworks.selenium.SeleniumException: Failed to start new browser session: Error while launching browser
	at com.thoughtworks.selenium.HttpCommandProcessor.throwAssertionFailureExceptionOrError(HttpCommandProcessor.java:97)
	at com.thoughtworks.selenium.HttpCommandProcessor.doCommand(HttpCommandProcessor.java:91)
	at com.thoughtworks.selenium.HttpCommandProcessor.getString(HttpCommandProcessor.java:262)
	at com.thoughtworks.selenium.HttpCommandProcessor.start(HttpCommandProcessor.java:223)
	at com.thoughtworks.selenium.DefaultSelenium.start(DefaultSelenium.java:81)
	... 34 more
... Removed 25 stack frames]]>
    </failure>
  </testcase> <!-- @BeforeClass startSelenium -->
  <testcase name="testTwitter" time="0.001" classname="org.ak.test.selenium.SeleniumWebTest">
    <skipped/>
  </testcase> <!-- testTwitter -->
</testsuite> <!-- Command line test -->
